<?xml version="1.0" encoding="UTF-8"?>
<testng-results ignored="0" total="2" passed="2" failed="0" skipped="0">
  <reporter-output>
  </reporter-output>
  <suite started-at="2025-04-11T11:23:22 IST" name="MasterSuite" finished-at="2025-04-11T11:24:36 IST" duration-ms="74728">
    <groups>
      <group name="regression">
        <method signature="AccountRegistrationTest.action()[pri:0, instance:com.testCases.AccountRegistrationTest@2a798d51]" name="action" class="com.testCases.AccountRegistrationTest"/>
      </group> <!-- regression -->
      <group name="sanity">
        <method signature="LoginTest.verify_login()[pri:0, instance:com.testCases.LoginTest@245b4bdc]" name="verify_login" class="com.testCases.LoginTest"/>
      </group> <!-- sanity -->
      <group name="master">
        <method signature="AccountRegistrationTest.action()[pri:0, instance:com.testCases.AccountRegistrationTest@2a798d51]" name="action" class="com.testCases.AccountRegistrationTest"/>
        <method signature="LoginTest.verify_login()[pri:0, instance:com.testCases.LoginTest@245b4bdc]" name="verify_login" class="com.testCases.LoginTest"/>
      </group> <!-- master -->
    </groups>
    <test started-at="2025-04-11T11:23:22 IST" name="test" finished-at="2025-04-11T11:24:36 IST" duration-ms="74728">
      <class name="com.testCases.AccountRegistrationTest">
        <test-method is-config="true" signature="setup(java.lang.String)[pri:0, instance:com.testCases.AccountRegistrationTest@2a798d51]" started-at="2025-04-11T11:23:24 IST" name="setup" finished-at="2025-04-11T11:24:08 IST" duration-ms="43513" status="PASS">
          <params>
            <param index="0">
              <value>
                <![CDATA[chrome]]>
              </value>
            </param>
          </params>
          <reporter-output>
          </reporter-output>
        </test-method> <!-- setup -->
        <test-method signature="action()[pri:0, instance:com.testCases.AccountRegistrationTest@2a798d51]" started-at="2025-04-11T11:24:08 IST" name="action" finished-at="2025-04-11T11:24:22 IST" duration-ms="13881" status="PASS">
          <reporter-output>
          </reporter-output>
        </test-method> <!-- action -->
        <test-method is-config="true" signature="teardown()[pri:0, instance:com.testCases.AccountRegistrationTest@2a798d51]" started-at="2025-04-11T11:24:22 IST" name="teardown" finished-at="2025-04-11T11:24:23 IST" duration-ms="947" status="PASS">
          <reporter-output>
          </reporter-output>
        </test-method> <!-- teardown -->
      </class> <!-- com.testCases.AccountRegistrationTest -->
      <class name="com.testCases.LoginTest">
        <test-method is-config="true" signature="setup(java.lang.String)[pri:0, instance:com.testCases.LoginTest@245b4bdc]" started-at="2025-04-11T11:24:23 IST" name="setup" finished-at="2025-04-11T11:24:33 IST" duration-ms="10595" status="PASS">
          <params>
            <param index="0">
              <value>
                <![CDATA[chrome]]>
              </value>
            </param>
          </params>
          <reporter-output>
          </reporter-output>
        </test-method> <!-- setup -->
        <test-method signature="verify_login()[pri:0, instance:com.testCases.LoginTest@245b4bdc]" started-at="2025-04-11T11:24:33 IST" name="verify_login" finished-at="2025-04-11T11:24:36 IST" duration-ms="2575" status="PASS">
          <reporter-output>
          </reporter-output>
        </test-method> <!-- verify_login -->
        <test-method is-config="true" signature="teardown()[pri:0, instance:com.testCases.LoginTest@245b4bdc]" started-at="2025-04-11T11:24:36 IST" name="teardown" finished-at="2025-04-11T11:24:36 IST" duration-ms="476" status="PASS">
          <reporter-output>
          </reporter-output>
        </test-method> <!-- teardown -->
      </class> <!-- com.testCases.LoginTest -->
    </test> <!-- test -->
  </suite> <!-- MasterSuite -->
</testng-results>
