<?xml version="1.0" encoding="UTF-8"?>
<testng-results ignored="0" total="1" passed="1" failed="0" skipped="0">
  <reporter-output>
  </reporter-output>
  <suite started-at="2025-04-10T13:55:39 IST" name="MasterSuite" finished-at="2025-04-10T13:56:00 IST" duration-ms="20370">
    <groups>
      <group name="sanity">
        <method signature="LoginTest.verify_login()[pri:0, instance:com.testCases.LoginTest@7ec7ffd3]" name="verify_login" class="com.testCases.LoginTest"/>
      </group> <!-- sanity -->
      <group name="master">
        <method signature="LoginTest.verify_login()[pri:0, instance:com.testCases.LoginTest@7ec7ffd3]" name="verify_login" class="com.testCases.LoginTest"/>
      </group> <!-- master -->
    </groups>
    <test started-at="2025-04-10T13:55:39 IST" name="test" finished-at="2025-04-10T13:56:00 IST" duration-ms="20370">
      <class name="com.testCases.LoginTest">
        <test-method is-config="true" signature="setup(java.lang.String)[pri:0, instance:com.testCases.LoginTest@7ec7ffd3]" started-at="2025-04-10T13:55:40 IST" name="setup" finished-at="2025-04-10T13:55:52 IST" duration-ms="12300" status="PASS">
          <params>
            <param index="0">
              <value>
                <![CDATA[chrome]]>
              </value>
            </param>
          </params>
          <reporter-output>
          </reporter-output>
        </test-method> <!-- setup -->
        <test-method signature="verify_login()[pri:0, instance:com.testCases.LoginTest@7ec7ffd3]" started-at="2025-04-10T13:55:52 IST" name="verify_login" finished-at="2025-04-10T13:55:59 IST" duration-ms="6926" status="PASS">
          <reporter-output>
          </reporter-output>
        </test-method> <!-- verify_login -->
        <test-method is-config="true" signature="teardown()[pri:0, instance:com.testCases.LoginTest@7ec7ffd3]" started-at="2025-04-10T13:55:59 IST" name="teardown" finished-at="2025-04-10T13:56:00 IST" duration-ms="463" status="PASS">
          <reporter-output>
          </reporter-output>
        </test-method> <!-- teardown -->
      </class> <!-- com.testCases.LoginTest -->
    </test> <!-- test -->
  </suite> <!-- MasterSuite -->
</testng-results>
