<?xml version="1.0" encoding="UTF-8"?>
<testng-results ignored="0" total="1" passed="1" failed="0" skipped="0">
  <reporter-output>
  </reporter-output>
  <suite started-at="2024-09-09T18:43:32 IST" name="Failed suite [MasterSuite]" finished-at="2024-09-09T18:43:48 IST" duration-ms="15385">
    <groups>
      <group name="sanity">
        <method signature="LoginTest.verify_login()[pri:0, instance:com.testCases.LoginTest@66982506]" name="verify_login" class="com.testCases.LoginTest"/>
      </group> <!-- sanity -->
      <group name="master">
        <method signature="LoginTest.verify_login()[pri:0, instance:com.testCases.LoginTest@66982506]" name="verify_login" class="com.testCases.LoginTest"/>
      </group> <!-- master -->
    </groups>
    <test started-at="2024-09-09T18:43:32 IST" name="test(failed)" finished-at="2024-09-09T18:43:48 IST" duration-ms="15385">
      <class name="com.testCases.LoginTest">
        <test-method is-config="true" signature="setup(java.lang.String)[pri:0, instance:com.testCases.LoginTest@66982506]" started-at="2024-09-09T18:43:33 IST" name="setup" finished-at="2024-09-09T18:43:44 IST" duration-ms="10885" status="PASS">
          <params>
            <param index="0">
              <value>
                <![CDATA[chrome]]>
              </value>
            </param>
          </params>
          <reporter-output>
          </reporter-output>
        </test-method> <!-- setup -->
        <test-method signature="verify_login()[pri:0, instance:com.testCases.LoginTest@66982506]" started-at="2024-09-09T18:43:44 IST" name="verify_login" finished-at="2024-09-09T18:43:47 IST" duration-ms="3460" status="PASS">
          <reporter-output>
          </reporter-output>
        </test-method> <!-- verify_login -->
        <test-method is-config="true" signature="teardown()[pri:0, instance:com.testCases.LoginTest@66982506]" started-at="2024-09-09T18:43:47 IST" name="teardown" finished-at="2024-09-09T18:43:48 IST" duration-ms="357" status="PASS">
          <reporter-output>
          </reporter-output>
        </test-method> <!-- teardown -->
      </class> <!-- com.testCases.LoginTest -->
    </test> <!-- test(failed) -->
  </suite> <!-- Failed suite [MasterSuite] -->
</testng-results>
