<?xml version="1.0" encoding="UTF-8"?>
<!-- Generated by org.testng.reporters.JUnitXMLReporter -->
<testsuite ignored="0" hostname="DESKTOP-NHPRK1V" failures="1" tests="2" name="test" time="41.136" errors="0" timestamp="2024-09-09T18:35:45 IST">
  <testcase classname="com.testCases.AccountRegistrationTest" name="action" time="5.985"/>
  <testcase classname="com.testCases.LoginTest" name="verify_login" time="12.623">
    <failure type="java.lang.AssertionError" message="expected [true] but found [false]">
      <![CDATA[java.lang.AssertionError: expected [true] but found [false]
at com.testCases.LoginTest.verify_login(LoginTest.java:36)
at java.base/java.util.ArrayList.forEach(ArrayList.java:1511)
... Removed 29 stack frames]]>
    </failure>
  </testcase> <!-- verify_login -->
</testsuite> <!-- test -->
